This is pdfTeX, Version 3.14159265-2.6-1.40.17 (TeX Live 2016) (preloaded format=pdflatex 2016.7.1)  30 JUL 2016 15:27
entering extended mode
 restricted \write18 enabled.
 %&-line parsing enabled.
**fp.tex
(./fp.tex
LaTeX2e <2016/03/31>
Babel <3.9r> and hyphenation patterns for 22 language(s) loaded.
(/usr/local/texlive/2016basic/texmf-dist/tex/latex/base/article.cls
Document Class: article 2014/09/29 v1.4h Standard LaTeX document class
(/usr/local/texlive/2016basic/texmf-dist/tex/latex/base/size12.clo
File: size12.clo 2014/09/29 v1.4h Standard LaTeX file (size option)
)
\c@part=\count79
\c@section=\count80
\c@subsection=\count81
\c@subsubsection=\count82
\c@paragraph=\count83
\c@subparagraph=\count84
\c@figure=\count85
\c@table=\count86
\abovecaptionskip=\skip41
\belowcaptionskip=\skip42
\bibindent=\dimen102
)
(/usr/local/texlive/2016basic/texmf-dist/tex/latex/graphics/graphicx.sty
Package: graphicx 2014/10/28 v1.0g Enhanced LaTeX Graphics (DPC,SPQR)

(/usr/local/texlive/2016basic/texmf-dist/tex/latex/graphics/keyval.sty
Package: keyval 2014/10/28 v1.15 key=value parser (DPC)
\KV@toks@=\toks14
)
(/usr/local/texlive/2016basic/texmf-dist/tex/latex/graphics/graphics.sty
Package: graphics 2016/06/02 v1.0s Standard LaTeX Graphics (DPC,SPQR)

(/usr/local/texlive/2016basic/texmf-dist/tex/latex/graphics/trig.sty
Package: trig 2016/01/03 v1.10 sin cos tan (DPC)
)
(/usr/local/texlive/2016basic/texmf-dist/tex/latex/graphics-cfg/graphics.cfg
File: graphics.cfg 2016/06/04 v1.11 sample graphics configuration
)
Package graphics Info: Driver file: pdftex.def on input line 99.

(/usr/local/texlive/2016basic/texmf-dist/tex/latex/pdftex-def/pdftex.def
File: pdftex.def 2016/06/17 v0.06h Graphics/color for pdfTeX

(/usr/local/texlive/2016basic/texmf-dist/tex/generic/oberdiek/infwarerr.sty
Package: infwarerr 2016/05/16 v1.4 Providing info/warning/error messages (HO)
)
(/usr/local/texlive/2016basic/texmf-dist/tex/generic/oberdiek/ltxcmds.sty
Package: ltxcmds 2016/05/16 v1.23 LaTeX kernel commands for general use (HO)
)
\Gread@gobject=\count87
))
\Gin@req@height=\dimen103
\Gin@req@width=\dimen104
)
(/usr/local/texlive/2016basic/texmf-dist/tex/latex/psnfss/times.sty
Package: times 2005/04/12 PSNFSS-v9.2a (SPQR) 
)
(/usr/local/texlive/2016basic/texmf-dist/tex/latex/extarrows/extarrows.sty
Package: extarrows 2008/05/15 v1.0b Some extensible arrows

(/usr/local/texlive/2016basic/texmf-dist/tex/latex/amsmath/amsmath.sty
Package: amsmath 2016/06/28 v2.15d AMS math features
\@mathmargin=\skip43

For additional information on amsmath, use the `?' option.
(/usr/local/texlive/2016basic/texmf-dist/tex/latex/amsmath/amstext.sty
Package: amstext 2000/06/29 v2.01 AMS text

(/usr/local/texlive/2016basic/texmf-dist/tex/latex/amsmath/amsgen.sty
File: amsgen.sty 1999/11/30 v2.0 generic functions
\@emptytoks=\toks15
\ex@=\dimen105
))
(/usr/local/texlive/2016basic/texmf-dist/tex/latex/amsmath/amsbsy.sty
Package: amsbsy 1999/11/29 v1.2d Bold Symbols
\pmbraise@=\dimen106
)
(/usr/local/texlive/2016basic/texmf-dist/tex/latex/amsmath/amsopn.sty
Package: amsopn 2016/03/08 v2.02 operator names
)
\inf@bad=\count88
LaTeX Info: Redefining \frac on input line 199.
\uproot@=\count89
\leftroot@=\count90
LaTeX Info: Redefining \overline on input line 297.
\classnum@=\count91
\DOTSCASE@=\count92
LaTeX Info: Redefining \ldots on input line 394.
LaTeX Info: Redefining \dots on input line 397.
LaTeX Info: Redefining \cdots on input line 518.
\Mathstrutbox@=\box26
\strutbox@=\box27
\big@size=\dimen107
LaTeX Font Info:    Redeclaring font encoding OML on input line 634.
LaTeX Font Info:    Redeclaring font encoding OMS on input line 635.
\macc@depth=\count93
\c@MaxMatrixCols=\count94
\dotsspace@=\muskip10
\c@parentequation=\count95
\dspbrk@lvl=\count96
\tag@help=\toks16
\row@=\count97
\column@=\count98
\maxfields@=\count99
\andhelp@=\toks17
\eqnshift@=\dimen108
\alignsep@=\dimen109
\tagshift@=\dimen110
\tagwidth@=\dimen111
\totwidth@=\dimen112
\lineht@=\dimen113
\@envbody=\toks18
\multlinegap=\skip44
\multlinetaggap=\skip45
\mathdisplay@stack=\toks19
LaTeX Info: Redefining \[ on input line 2739.
LaTeX Info: Redefining \] on input line 2740.
))
(/usr/local/texlive/2016basic/texmf-dist/tex/latex/xcolor/xcolor.sty
Package: xcolor 2016/05/11 v2.12 LaTeX color extensions (UK)

(/usr/local/texlive/2016basic/texmf-dist/tex/latex/graphics-cfg/color.cfg
File: color.cfg 2016/01/02 v1.6 sample color configuration
)
Package xcolor Info: Driver file: pdftex.def on input line 225.

(/usr/local/texlive/2016basic/texmf-dist/tex/latex/colortbl/colortbl.sty
Package: colortbl 2012/02/13 v1.0a Color table columns (DPC)

(/usr/local/texlive/2016basic/texmf-dist/tex/latex/tools/array.sty
Package: array 2014/10/28 v2.4c Tabular extension package (FMi)
\col@sep=\dimen114
\extrarowheight=\dimen115
\NC@list=\toks20
\extratabsurround=\skip46
\backup@length=\skip47
)
\everycr=\toks21
\minrowclearance=\skip48
)
\rownum=\count100
Package xcolor Info: Model `cmy' substituted by `cmy0' on input line 1348.
Package xcolor Info: Model `hsb' substituted by `rgb' on input line 1352.
Package xcolor Info: Model `RGB' extended on input line 1364.
Package xcolor Info: Model `HTML' substituted by `rgb' on input line 1366.
Package xcolor Info: Model `Hsb' substituted by `hsb' on input line 1367.
Package xcolor Info: Model `tHsb' substituted by `hsb' on input line 1368.
Package xcolor Info: Model `HSB' substituted by `hsb' on input line 1369.
Package xcolor Info: Model `Gray' substituted by `gray' on input line 1370.
Package xcolor Info: Model `wave' substituted by `hsb' on input line 1371.
) (./fp.aux

LaTeX Warning: Label `my-label' multiply defined.

)
\openout1 = `fp.aux'.

LaTeX Font Info:    Checking defaults for OML/cmm/m/it on input line 8.
LaTeX Font Info:    ... okay on input line 8.
LaTeX Font Info:    Checking defaults for T1/cmr/m/n on input line 8.
LaTeX Font Info:    ... okay on input line 8.
LaTeX Font Info:    Checking defaults for OT1/cmr/m/n on input line 8.
LaTeX Font Info:    ... okay on input line 8.
LaTeX Font Info:    Checking defaults for OMS/cmsy/m/n on input line 8.
LaTeX Font Info:    ... okay on input line 8.
LaTeX Font Info:    Checking defaults for OMX/cmex/m/n on input line 8.
LaTeX Font Info:    ... okay on input line 8.
LaTeX Font Info:    Checking defaults for U/cmr/m/n on input line 8.
LaTeX Font Info:    ... okay on input line 8.
LaTeX Font Info:    Try loading font information for OT1+ptm on input line 8.
 (/usr/local/texlive/2016basic/texmf-dist/tex/latex/psnfss/ot1ptm.fd
File: ot1ptm.fd 2001/06/04 font definitions for OT1/ptm.
)
(/usr/local/texlive/2016basic/texmf-dist/tex/context/base/mkii/supp-pdf.mkii
[Loading MPS to PDF converter (version 2006.09.02).]
\scratchcounter=\count101
\scratchdimen=\dimen116
\scratchbox=\box28
\nofMPsegments=\count102
\nofMParguments=\count103
\everyMPshowfont=\toks22
\MPscratchCnt=\count104
\MPscratchDim=\dimen117
\MPnumerator=\count105
\makeMPintoPDFobject=\count106
\everyMPtoPDFconversion=\toks23
) (/usr/local/texlive/2016basic/texmf-dist/tex/generic/oberdiek/pdftexcmds.sty
Package: pdftexcmds 2016/05/21 v0.22 Utility functions of pdfTeX for LuaTeX (HO
)

(/usr/local/texlive/2016basic/texmf-dist/tex/generic/oberdiek/ifluatex.sty
Package: ifluatex 2016/05/16 v1.4 Provides the ifluatex switch (HO)
Package ifluatex Info: LuaTeX not detected.
)
(/usr/local/texlive/2016basic/texmf-dist/tex/generic/oberdiek/ifpdf.sty
Package: ifpdf 2016/05/14 v3.1 Provides the ifpdf switch
)
Package pdftexcmds Info: LuaTeX not detected.
Package pdftexcmds Info: \pdf@primitive is available.
Package pdftexcmds Info: \pdf@ifprimitive is available.
Package pdftexcmds Info: \pdfdraftmode found.
)
(/usr/local/texlive/2016basic/texmf-dist/tex/latex/oberdiek/epstopdf-base.sty
Package: epstopdf-base 2016/05/15 v2.6 Base part for package epstopdf

(/usr/local/texlive/2016basic/texmf-dist/tex/latex/oberdiek/grfext.sty
Package: grfext 2016/05/16 v1.2 Manage graphics extensions (HO)

(/usr/local/texlive/2016basic/texmf-dist/tex/generic/oberdiek/kvdefinekeys.sty
Package: kvdefinekeys 2016/05/16 v1.4 Define keys (HO)
)) (/usr/local/texlive/2016basic/texmf-dist/tex/latex/oberdiek/kvoptions.sty
Package: kvoptions 2016/05/16 v3.12 Key value format for package options (HO)

(/usr/local/texlive/2016basic/texmf-dist/tex/generic/oberdiek/kvsetkeys.sty
Package: kvsetkeys 2016/05/16 v1.17 Key value parser (HO)

(/usr/local/texlive/2016basic/texmf-dist/tex/generic/oberdiek/etexcmds.sty
Package: etexcmds 2016/05/16 v1.6 Avoid name clashes with e-TeX commands (HO)
Package etexcmds Info: Could not find \expanded.
(etexcmds)             That can mean that you are not using pdfTeX 1.50 or
(etexcmds)             that some package has redefined \expanded.
(etexcmds)             In the latter case, load this package earlier.
)))
Package epstopdf-base Info: Redefining graphics rule for `.eps' on input line 4
38.
Package grfext Info: Graphics extension search list:
(grfext)             [.png,.pdf,.jpg,.mps,.jpeg,.jbig2,.jb2,.PNG,.PDF,.JPG,.JPE
G,.JBIG2,.JB2,.eps]
(grfext)             \AppendGraphicsExtensions on input line 456.

(/usr/local/texlive/2016basic/texmf-dist/tex/latex/latexconfig/epstopdf-sys.cfg
File: epstopdf-sys.cfg 2010/07/13 v1.3 Configuration of (r)epstopdf for TeX Liv
e
))
LaTeX Font Info:    Font shape `OT1/ptm/bx/n' in size <17.28> not available
(Font)              Font shape `OT1/ptm/b/n' tried instead on input line 14.
LaTeX Font Info:    Font shape `OT1/ptm/bx/n' in size <20.74> not available
(Font)              Font shape `OT1/ptm/b/n' tried instead on input line 14.
Missing character: There is no Ã in font ptmr7t!
Missing character: There is no ¨ in font ptmr7t!

Underfull \hbox (badness 10000) in paragraph at lines 15--18

 []


Underfull \hbox (badness 10000) in paragraph at lines 15--18

 []

LaTeX Font Info:    Font shape `OT1/ptm/bx/n' in size <14.4> not available
(Font)              Font shape `OT1/ptm/b/n' tried instead on input line 21.
LaTeX Font Info:    Font shape `OT1/ptm/bx/n' in size <12> not available
(Font)              Font shape `OT1/ptm/b/n' tried instead on input line 22.
<mapbiquitous.png, id=1, 667.49374pt x 344.28625pt>
File: mapbiquitous.png Graphic file (type png)
 <use mapbiquitous.png>
Package pdftex.def Info: mapbiquitous.png used on input line 33.
(pdftex.def)             Requested size: 250.94102pt x 150.56181pt.

Underfull \hbox (badness 10000) in paragraph at lines 23--37

 []


Underfull \hbox (badness 10000) in paragraph at lines 23--37

 []


Overfull \hbox (2.66031pt too wide) in paragraph at lines 23--37
\OT1/ptm/m/n/12 on build-ing servers, in-clud-ing build-ing ge-o-met-ric in-for
-ma-tion(floors, rooms, stairs,
 []


Underfull \hbox (badness 10000) in paragraph at lines 23--37

 []

[1

{/usr/local/texlive/2016basic/texmf-var/fonts/map/pdftex/updmap/pdftex.map}]
<sanedht.png, id=10, 336.25626pt x 391.4625pt>
File: sanedht.png Graphic file (type png)
 <use sanedht.png>
Package pdftex.def Info: sanedht.png used on input line 41.
(pdftex.def)             Requested size: 150.5648pt x 150.5612pt.

<sane.png, id=11, 305.14pt x 359.3425pt>
File: sane.png Graphic file (type png)
 <use sane.png>
Package pdftex.def Info: sane.png used on input line 48.
(pdftex.def)             Requested size: 250.9474pt x 150.5664pt.

Underfull \hbox (badness 10000) in paragraph at lines 38--52

 []

[2] [3 <./mapbiquitous.png>]
Missing character: There is no ï in font ptmr7t!
Missing character: There is no ¼ in font ptmr7t!
Missing character: There is no Œ in font ptmr7t!
Missing character: There is no ï in font ptmr7t!
Missing character: There is no ¼ in font ptmr7t!
Missing character: There is no Œ in font ptmr7t!
 <kbucket.png, id=19, 620.3175pt x 325.215pt>
File: kbucket.png Graphic file (type png)

<use kbucket.png>
Package pdftex.def Info: kbucket.png used on input line 61.
(pdftex.def)             Requested size: 250.93379pt x 150.56342pt.

Underfull \hbox (badness 10000) in paragraph at lines 54--65

 []

[4 <./sanedht.png> <./sane.png>] <sanedns.png, id=25, 427.5975pt x 260.975pt>
File: sanedns.png Graphic file (type png)

<use sanedns.png>
Package pdftex.def Info: sanedns.png used on input line 69.
(pdftex.def)             Requested size: 250.93626pt x 150.56519pt.

Underfull \hbox (badness 10000) in paragraph at lines 66--77

 []

[5 <./kbucket.png>]
Overfull \hbox (25.33186pt too wide) in paragraph at lines 87--94
 [][] 
 []


LaTeX Warning: `!h' float specifier changed to `!ht'.

[6 <./sanedns.png>]
Underfull \hbox (badness 10000) in paragraph at lines 123--126

 []

<trello.png, id=35, 1193.45876pt x 601.24625pt>
File: trello.png Graphic file (type png)
 <use trello.png>
Package pdftex.def Info: trello.png used on input line 129.
(pdftex.def)             Requested size: 250.92511pt x 150.55888pt.

<trello2.png, id=36, 726.715pt x 604.2575pt>
File: trello2.png Graphic file (type png)
 <use trello2.png>
Package pdftex.def Info: trello2.png used on input line 136.
(pdftex.def)             Requested size: 250.9387pt x 150.55688pt.
Missing character: There is no ï in font ptmr7t!
Missing character: There is no ¼ in font ptmr7t!
Missing character: There is no Œ in font ptmr7t!
LaTeX Font Info:    Font shape `OT1/ptm/bx/n' in size <8> not available
(Font)              Font shape `OT1/ptm/b/n' tried instead on input line 145.
LaTeX Font Info:    Font shape `OT1/ptm/bx/it' in size <8> not available
(Font)              Font shape `OT1/ptm/b/it' tried instead on input line 145.
LaTeX Font Info:    Font shape `OT1/ptm/bx/sl' in size <8> not available
(Font)              Font shape `OT1/ptm/b/sl' tried instead on input line 151.

Underfull \hbox (badness 10000) in paragraph at lines 143--153

 []


Underfull \hbox (badness 10000) in paragraph at lines 143--153

 []


Underfull \hbox (badness 10000) in paragraph at lines 143--153

 []


Underfull \hbox (badness 10000) in paragraph at lines 143--153

 []


Underfull \hbox (badness 10000) in paragraph at lines 143--153

 []


Underfull \hbox (badness 10000) in paragraph at lines 143--153

 []

[7] [8 <./trello.png> <./trello2.png>]
Underfull \hbox (badness 10000) in paragraph at lines 157--171

 []


Underfull \hbox (badness 10000) in paragraph at lines 157--171

 []


Underfull \hbox (badness 10000) in paragraph at lines 157--171

 []


Underfull \hbox (badness 10000) in paragraph at lines 157--171

 []


Underfull \hbox (badness 10000) in paragraph at lines 157--171

 []

[9] <usecase.png, id=51, 772.8875pt x 339.2675pt>
File: usecase.png Graphic file (type png)
 <use usecase.png>
Package pdftex.def Info: usecase.png used on input line 175.
(pdftex.def)             Requested size: 250.93779pt x 100.37294pt.

<gui.png, id=52, 817.0525pt x 498.86375pt>
File: gui.png Graphic file (type png)
 <use gui.png>
Package pdftex.def Info: gui.png used on input line 186.
(pdftex.def)             Requested size: 250.92735pt x 120.44527pt.

<device.png, id=53, 600.2425pt x 499.8675pt>
File: device.png Graphic file (type png)
 <use device.png>
Package pdftex.def Info: device.png used on input line 192.
(pdftex.def)             Requested size: 250.93694pt x 120.45117pt.

Underfull \hbox (badness 10000) in paragraph at lines 183--197

 []

<api.png, id=54, 996.72375pt x 635.37375pt>
File: api.png Graphic file (type png)
 <use api.png>
Package pdftex.def Info: api.png used on input line 203.
(pdftex.def)             Requested size: 250.92934pt x 120.4508pt.

<api2.png, id=55, 987.69pt x 498.86375pt>
File: api2.png Graphic file (type png)
 <use api2.png>
Package pdftex.def Info: api2.png used on input line 209.
(pdftex.def)             Requested size: 250.93076pt x 120.44527pt.

Overfull \hbox (50.34775pt too wide) in paragraph at lines 199--213
\OT1/ptm/m/n/12 We choose REST-ful API to pro-vide data for front-end of our sy
s-tem. REST(Representational
 []


Underfull \hbox (badness 10000) in paragraph at lines 199--213

 []

[10 <./usecase.png>] <gulp.png, id=60, 933.4875pt x 356.33125pt>
File: gulp.png Graphic file (type png)

<use gulp.png>
Package pdftex.def Info: gulp.png used on input line 220.
(pdftex.def)             Requested size: 250.93398pt x 120.44962pt.

Underfull \hbox (badness 10000) in paragraph at lines 215--224

 []

[11 <./gui.png> <./device.png>] [12 <./api.png> <./api2.png>]
<bower.png, id=71, 801.99625pt x 451.6875pt>
File: bower.png Graphic file (type png)
 <use bower.png>
Package pdftex.def Info: bower.png used on input line 228.
(pdftex.def)             Requested size: 250.94138pt x 120.44786pt.
Missing character: There is no â in font ptmr7t!
Missing character: There is no € in font ptmr7t!
Missing character: There is no “ in font ptmr7t!
Missing character: There is no â in font ptmr7t!
Missing character: There is no € in font ptmr7t!
Missing character: There is no “ in font ptmr7t!
Missing character: There is no â in font ptmr7t!
Missing character: There is no € in font ptmr7t!
Missing character: There is no “ in font ptmr7t!
Missing character: There is no â in font ptmr7t!
Missing character: There is no € in font ptmr7t!
Missing character: There is no “ in font ptmr7t!

<angular.png, id=72, 990.70125pt x 371.3875pt>
File: angular.png Graphic file (type png)
 <use angular.png>
Package pdftex.def Info: angular.png used on input line 236.
(pdftex.def)             Requested size: 250.93994pt x 120.45015pt.

<chartjs.png, id=73, 1010.77625pt x 316.18124pt>
File: chartjs.png Graphic file (type png)
 <use chartjs.png>
Package pdftex.def Info: chartjs.png used on input line 243.
(pdftex.def)             Requested size: 250.9352pt x 120.44923pt.

<buildout.png, id=74, 662.475pt x 520.94624pt>
File: buildout.png Graphic file (type png)
 <use buildout.png>
Package pdftex.def Info: buildout.png used on input line 252.
(pdftex.def)             Requested size: 250.93443pt x 120.45103pt.
LaTeX Font Info:    Font shape `OT1/ptm/bx/it' in size <6> not available
(Font)              Font shape `OT1/ptm/b/it' tried instead on input line 266.
LaTeX Font Info:    Font shape `OT1/ptm/bx/it' in size <5> not available
(Font)              Font shape `OT1/ptm/b/it' tried instead on input line 266.

Overfull \hbox (39.65625pt too wide) in paragraph at lines 225--275
\OT1/ptm/m/n/12 Bootstrap comes from Twit-ter, it is a very pop-u-lar front-end
 frame-work cur-rently.Bootstrap
 []


Underfull \hbox (badness 10000) in paragraph at lines 225--275

 []


Underfull \hbox (badness 10000) in paragraph at lines 225--275

 []


Underfull \hbox (badness 10000) in paragraph at lines 225--275

 []


Underfull \hbox (badness 10000) in paragraph at lines 225--275

 []


Overfull \hbox (30.59546pt too wide) in paragraph at lines 225--275
\OT1/ptm/m/n/12 quest/response en-cap-su-la-tion, plu-gin sys-tem, Werkzeug(pro
cess WSGI), Jinja2(template
 []


Underfull \hbox (badness 10000) in paragraph at lines 225--275

 []


Underfull \hbox (badness 10000) in paragraph at lines 225--275

 []


Underfull \hbox (badness 10000) in paragraph at lines 225--275

 []


Underfull \hbox (badness 10000) in paragraph at lines 225--275

 []


Underfull \hbox (badness 10000) in paragraph at lines 225--275

 []


Underfull \hbox (badness 10000) in paragraph at lines 225--275

 []


Underfull \hbox (badness 10000) in paragraph at lines 225--275

 []


Underfull \hbox (badness 10000) in paragraph at lines 225--275

 []

[13 <./gulp.png>] [14 <./bower.png> <./angular.png>] [15 <./chartjs.png>]
[16 <./buildout.png>]
Underfull \hbox (badness 10000) in paragraph at lines 277--278

 []

[17]
Underfull \hbox (badness 10000) in paragraph at lines 279--280

 []


Underfull \hbox (badness 10000) in paragraph at lines 281--284

 []


Underfull \hbox (badness 10000) in paragraph at lines 281--284

 []


Underfull \hbox (badness 10000) in paragraph at lines 281--284

 []


Underfull \hbox (badness 10000) in paragraph at lines 287--306

 []


Underfull \hbox (badness 10000) in paragraph at lines 287--306

 []


Underfull \hbox (badness 10000) in paragraph at lines 287--306

 []


Underfull \hbox (badness 10000) in paragraph at lines 287--306

 []


Underfull \hbox (badness 10000) in paragraph at lines 287--306

 []


Underfull \hbox (badness 10000) in paragraph at lines 287--306

 []


Underfull \hbox (badness 10000) in paragraph at lines 287--306

 []


Underfull \hbox (badness 10000) in paragraph at lines 287--306

 []


Underfull \hbox (badness 10000) in paragraph at lines 287--306

 []


Underfull \hbox (badness 10000) in paragraph at lines 287--306

 []


Underfull \hbox (badness 10000) in paragraph at lines 287--306

 []


Underfull \hbox (badness 10000) in paragraph at lines 287--306

 []


Underfull \hbox (badness 10000) in paragraph at lines 287--306

 []


Underfull \hbox (badness 10000) in paragraph at lines 287--306

 []


Underfull \hbox (badness 10000) in paragraph at lines 287--306

 []


Underfull \hbox (badness 10000) in paragraph at lines 287--306

 []


Underfull \hbox (badness 10000) in paragraph at lines 287--306

 []


Underfull \hbox (badness 10000) in paragraph at lines 287--306

 []


Underfull \hbox (badness 10000) in paragraph at lines 287--306

 []

[18] <ormd.png, id=102, 927.465pt x 951.555pt>
File: ormd.png Graphic file (type png)
 <use ormd.png>
Package pdftex.def Info: ormd.png used on input line 311.
(pdftex.def)             Requested size: 451.68805pt x 552.09103pt.

Overfull \hbox (61.68805pt too wide) in paragraph at lines 311--312
 [][] 
 []

<classdiagram.png, id=103, 1003.75pt x 948.54375pt>
File: classdiagram.png Graphic file (type png)
 <use classdiagram.png>
Package pdftex.def Info: classdiagram.png used on input line 317.
(pdftex.def)             Requested size: 451.69864pt x 552.08075pt.

Overfull \hbox (61.69864pt too wide) in paragraph at lines 317--318
 [][] 
 []


Underfull \hbox (badness 10000) in paragraph at lines 307--321

 []


Underfull \hbox (badness 10000) in paragraph at lines 307--321

 []


Underfull \hbox (badness 10000) in paragraph at lines 307--321

 []

[19] [20 <./ormd.png>] [21 <./classdiagram.png>]
File: gui.png Graphic file (type png)
 <use gui.png>
Package pdftex.def Info: gui.png used on input line 326.
(pdftex.def)             Requested size: 250.92735pt x 120.44527pt.

<gridview.png, id=116, 599.23875pt x 379.4175pt>
File: gridview.png Graphic file (type png)
 <use gridview.png>
Package pdftex.def Info: gridview.png used on input line 332.
(pdftex.def)             Requested size: 250.93793pt x 120.44923pt.

<statis.png, id=117, 692.5875pt x 460.72125pt>
File: statis.png Graphic file (type png)
 <use statis.png>
Package pdftex.def Info: statis.png used on input line 340.
(pdftex.def)             Requested size: 250.93764pt x 120.44551pt.

Underfull \hbox (badness 10000) in paragraph at lines 323--344

 []


Underfull \hbox (badness 10000) in paragraph at lines 323--344

 []

[22

 <./gridview.png>] <evaluation1.png, id=122, 458.71375pt x 271.0125pt>
File: evaluation1.png Graphic file (type png)

<use evaluation1.png>
Package pdftex.def Info: evaluation1.png used on input line 350.
(pdftex.def)             Requested size: 351.32784pt x 150.56671pt.
Missing character: There is no â in font ptmr7t!
Missing character: There is no € in font ptmr7t!
Missing character: There is no ™ in font ptmr7t!
 <evaluation2.png, id=123, 582.175pt x 202.7575pt>
File: evaluation2.png Graphic file (type png)

<use evaluation2.png>
Package pdftex.def Info: evaluation2.png used on input line 367.
(pdftex.def)             Requested size: 351.3242pt x 150.56725pt.

Underfull \hbox (badness 10000) in paragraph at lines 347--371

 []


Underfull \hbox (badness 10000) in paragraph at lines 347--371

 []


Underfull \hbox (badness 10000) in paragraph at lines 347--371

 []

[23 <./statis.png> <./evaluation1.png>]
Underfull \hbox (badness 10000) in paragraph at lines 374--377

 []


Underfull \hbox (badness 10000) in paragraph at lines 374--377

 []

[24 <./evaluation2.png>] [25] (./fp.aux)

LaTeX Warning: There were multiply-defined labels.

 ) 
Here is how much of TeX's memory you used:
 2917 strings out of 494447
 39334 string characters out of 6166767
 113678 words of memory out of 5000000
 6185 multiletter control sequences out of 15000+600000
 28983 words of font info for 59 fonts, out of 8000000 for 9000
 319 hyphenation exceptions out of 8191
 41i,10n,35p,1208b,248s stack positions out of 5000i,500n,10000p,200000b,80000s
{/usr/local/texlive/2016basic/texmf-dist/fonts/enc/dvips/base/8r.enc}</usr/lo
cal/texlive/2016basic/texmf-dist/fonts/type1/public/amsfonts/cm/cmmi8.pfb></usr
/local/texlive/2016basic/texmf-dist/fonts/type1/public/amsfonts/cm/cmr8.pfb></u
sr/local/texlive/2016basic/texmf-dist/fonts/type1/public/amsfonts/cm/cmsy10.pfb
></usr/local/texlive/2016basic/texmf-dist/fonts/type1/public/amsfonts/cm/cmsy8.
pfb></usr/local/texlive/2016basic/texmf-dist/fonts/type1/urw/times/utmb8a.pfb><
/usr/local/texlive/2016basic/texmf-dist/fonts/type1/urw/times/utmb8a.pfb></usr/
local/texlive/2016basic/texmf-dist/fonts/type1/urw/times/utmbi8a.pfb></usr/loca
l/texlive/2016basic/texmf-dist/fonts/type1/urw/times/utmr8a.pfb>
Output written on fp.pdf (25 pages, 2677109 bytes).
PDF statistics:
 165 PDF objects out of 1000 (max. 8388607)
 83 compressed objects within 1 object stream
 0 named destinations out of 1000 (max. 500000)
 116 words of extra memory for PDF output out of 10000 (max. 10000000)

